I, [2017-12-03T09:48:56.698294 #27102]  INFO -- : [43412791-456d-4b14-8912-b84ec361a5a8] Started GET "/" for 127.0.0.1 at 2017-12-03 09:48:56 +0530
I, [2017-12-03T09:48:56.699265 #27102]  INFO -- : [43412791-456d-4b14-8912-b84ec361a5a8] Processing by ItemsController#index as HTML
D, [2017-12-03T09:48:56.701027 #27102] DEBUG -- : [43412791-456d-4b14-8912-b84ec361a5a8]   [1m[36mUser Load (0.3ms)[0m  [1m[34mSELECT  "users".* FROM "users" WHERE "users"."id" = ? ORDER BY "users"."id" ASC LIMIT ?[0m  [["id", 1], ["LIMIT", 1]]
I, [2017-12-03T09:48:56.703196 #27102]  INFO -- : [43412791-456d-4b14-8912-b84ec361a5a8]   Rendering items/index.html.slim within layouts/application
D, [2017-12-03T09:48:56.705225 #27102] DEBUG -- : [43412791-456d-4b14-8912-b84ec361a5a8]   [1m[36mItem Load (0.4ms)[0m  [1m[34mSELECT "items".* FROM "items" WHERE "items"."user_id" = ?[0m  [["user_id", 1]]
I, [2017-12-03T09:48:56.732663 #27102]  INFO -- : [43412791-456d-4b14-8912-b84ec361a5a8]   Rendered shared/_search.html.slim (28.8ms)
I, [2017-12-03T09:48:56.732848 #27102]  INFO -- : [43412791-456d-4b14-8912-b84ec361a5a8]   Rendered items/index.html.slim within layouts/application (29.5ms)
I, [2017-12-03T09:48:56.733130 #27102]  INFO -- : [43412791-456d-4b14-8912-b84ec361a5a8] Completed 500 Internal Server Error in 34ms (ActiveRecord: 0.7ms)
F, [2017-12-03T09:48:56.735008 #27102] FATAL -- : [43412791-456d-4b14-8912-b84ec361a5a8]   
F, [2017-12-03T09:48:56.735122 #27102] FATAL -- : [43412791-456d-4b14-8912-b84ec361a5a8] ActionView::Template::Error (SQLite3::SQLException: no such column: items.user_id: SELECT "items".* FROM "items" WHERE "items"."user_id" = ?):
F, [2017-12-03T09:48:56.735326 #27102] FATAL -- : [43412791-456d-4b14-8912-b84ec361a5a8]      5:         = label_tag 'Item Name', nil, class: 'col-md-2 control-label'
[43412791-456d-4b14-8912-b84ec361a5a8]      6:         .col-md-4
[43412791-456d-4b14-8912-b84ec361a5a8]      7:           = f.select :name_in,
[43412791-456d-4b14-8912-b84ec361a5a8]      8:             options_from_collection_for_select(current_user.items, :name,
[43412791-456d-4b14-8912-b84ec361a5a8]      9:             proc { |obj| obj.name },
[43412791-456d-4b14-8912-b84ec361a5a8]     10:             selected: params[:q] ? params[:q][:name_in] : nil),
[43412791-456d-4b14-8912-b84ec361a5a8]     11:             { include_blank: 'Select' }, { class: 'chosen-select form-control' }
F, [2017-12-03T09:48:56.735383 #27102] FATAL -- : [43412791-456d-4b14-8912-b84ec361a5a8]   
F, [2017-12-03T09:48:56.735454 #27102] FATAL -- : [43412791-456d-4b14-8912-b84ec361a5a8] app/views/shared/_search.html.slim:8:in `block in _app_views_shared__search_html_slim___1182683103591275546_69841872769100'
[43412791-456d-4b14-8912-b84ec361a5a8] app/views/shared/_search.html.slim:3:in `_app_views_shared__search_html_slim___1182683103591275546_69841872769100'
[43412791-456d-4b14-8912-b84ec361a5a8] app/views/items/index.html.slim:8:in `_app_views_items_index_html_slim___2679901116792159790_69841873564620'
D, [2017-12-03T09:49:45.751654 #27716] DEBUG -- :   [1m[36mActiveRecord::SchemaMigration Load (0.3ms)[0m  [1m[34mSELECT "schema_migrations".* FROM "schema_migrations"[0m
I, [2017-12-03T09:49:45.759590 #27716]  INFO -- : Migrating to AddColumnUserIdToOrders (20170921181841)
D, [2017-12-03T09:49:45.762182 #27716] DEBUG -- :   [1m[35m (0.1ms)[0m  [1m[36mbegin transaction[0m
D, [2017-12-03T09:49:45.767775 #27716] DEBUG -- :   [1m[35m (0.5ms)[0m  [1m[35mALTER TABLE "orders" ADD "user_id" integer[0m
D, [2017-12-03T09:49:45.769648 #27716] DEBUG -- :   [1m[35mSQL (0.2ms)[0m  [1m[32mINSERT INTO "schema_migrations" ("version") VALUES (?)[0m  [["version", "20170921181841"]]
D, [2017-12-03T09:49:45.953452 #27716] DEBUG -- :   [1m[35m (183.4ms)[0m  [1m[36mcommit transaction[0m
I, [2017-12-03T09:49:45.953744 #27716]  INFO -- : Migrating to AddColumnUserIdToItems (20170921181851)
D, [2017-12-03T09:49:45.955456 #27716] DEBUG -- :   [1m[35m (0.2ms)[0m  [1m[36mbegin transaction[0m
D, [2017-12-03T09:49:45.957518 #27716] DEBUG -- :   [1m[35m (1.2ms)[0m  [1m[35mALTER TABLE "items" ADD "user_id" integer[0m
D, [2017-12-03T09:49:45.960138 #27716] DEBUG -- :   [1m[35mSQL (0.4ms)[0m  [1m[32mINSERT INTO "schema_migrations" ("version") VALUES (?)[0m  [["version", "20170921181851"]]
D, [2017-12-03T09:49:46.185329 #27716] DEBUG -- :   [1m[35m (224.6ms)[0m  [1m[36mcommit transaction[0m
I, [2017-12-03T09:49:46.185660 #27716]  INFO -- : Migrating to AddColumnGstPercentageToItems (20170926174852)
D, [2017-12-03T09:49:46.217202 #27716] DEBUG -- :   [1m[35m (0.2ms)[0m  [1m[36mbegin transaction[0m
D, [2017-12-03T09:49:46.219412 #27716] DEBUG -- :   [1m[35m (1.2ms)[0m  [1m[35mALTER TABLE "items" ADD "gst_percentage" float[0m
D, [2017-12-03T09:49:46.221906 #27716] DEBUG -- :   [1m[35mSQL (0.3ms)[0m  [1m[32mINSERT INTO "schema_migrations" ("version") VALUES (?)[0m  [["version", "20170926174852"]]
D, [2017-12-03T09:49:46.417388 #27716] DEBUG -- :   [1m[35m (194.9ms)[0m  [1m[36mcommit transaction[0m
I, [2017-12-03T09:49:46.417718 #27716]  INFO -- : Migrating to AddColumnGstPercentageToOrders (20170926183937)
D, [2017-12-03T09:49:46.445607 #27716] DEBUG -- :   [1m[35m (0.2ms)[0m  [1m[36mbegin transaction[0m
D, [2017-12-03T09:49:46.447998 #27716] DEBUG -- :   [1m[35m (1.1ms)[0m  [1m[35mALTER TABLE "orders" ADD "gst_percentage" float[0m
D, [2017-12-03T09:49:46.450575 #27716] DEBUG -- :   [1m[35mSQL (0.4ms)[0m  [1m[32mINSERT INTO "schema_migrations" ("version") VALUES (?)[0m  [["version", "20170926183937"]]
D, [2017-12-03T09:49:46.627132 #27716] DEBUG -- :   [1m[35m (176.1ms)[0m  [1m[36mcommit transaction[0m
I, [2017-12-03T09:49:46.627408 #27716]  INFO -- : Migrating to AddColumnsToOrders (20171202163306)
D, [2017-12-03T09:49:46.656895 #27716] DEBUG -- :   [1m[35m (0.2ms)[0m  [1m[36mbegin transaction[0m
D, [2017-12-03T09:49:46.659100 #27716] DEBUG -- :   [1m[35m (1.1ms)[0m  [1m[35mALTER TABLE "orders" ADD "placed_at_uts" integer[0m
D, [2017-12-03T09:49:46.660619 #27716] DEBUG -- :   [1m[35m (0.6ms)[0m  [1m[35mALTER TABLE "orders" ADD "customer_name" varchar[0m
D, [2017-12-03T09:49:46.661662 #27716] DEBUG -- :   [1m[35m (0.5ms)[0m  [1m[35mALTER TABLE "orders" ADD "payment_mode" varchar[0m
D, [2017-12-03T09:49:46.663856 #27716] DEBUG -- :   [1m[35mSQL (0.3ms)[0m  [1m[32mINSERT INTO "schema_migrations" ("version") VALUES (?)[0m  [["version", "20171202163306"]]
D, [2017-12-03T09:49:46.859408 #27716] DEBUG -- :   [1m[35m (195.0ms)[0m  [1m[36mcommit transaction[0m
D, [2017-12-03T09:49:46.865890 #27716] DEBUG -- :   [1m[36mActiveRecord::InternalMetadata Load (0.5ms)[0m  [1m[34mSELECT  "ar_internal_metadata".* FROM "ar_internal_metadata" WHERE "ar_internal_metadata"."key" = ? LIMIT ?[0m  [["key", "environment"], ["LIMIT", 1]]
D, [2017-12-03T09:49:46.877180 #27716] DEBUG -- :   [1m[35m (0.2ms)[0m  [1m[36mbegin transaction[0m
D, [2017-12-03T09:49:46.879304 #27716] DEBUG -- :   [1m[35m (0.1ms)[0m  [1m[36mcommit transaction[0m
I, [2017-12-03T09:50:02.582518 #27732]  INFO -- : [aef6c9cd-1da9-4579-bbce-2275070c7a74] Started GET "/" for 127.0.0.1 at 2017-12-03 09:50:02 +0530
I, [2017-12-03T09:50:02.588093 #27732]  INFO -- : [aef6c9cd-1da9-4579-bbce-2275070c7a74] Processing by ItemsController#index as HTML
D, [2017-12-03T09:50:02.605852 #27732] DEBUG -- : [aef6c9cd-1da9-4579-bbce-2275070c7a74]   [1m[36mUser Load (0.3ms)[0m  [1m[34mSELECT  "users".* FROM "users" WHERE "users"."id" = ? ORDER BY "users"."id" ASC LIMIT ?[0m  [["id", 1], ["LIMIT", 1]]
I, [2017-12-03T09:50:02.670455 #27732]  INFO -- : [aef6c9cd-1da9-4579-bbce-2275070c7a74]   Rendering items/index.html.slim within layouts/application
D, [2017-12-03T09:50:03.127193 #27732] DEBUG -- : [aef6c9cd-1da9-4579-bbce-2275070c7a74]   [1m[36mItem Load (0.4ms)[0m  [1m[34mSELECT "items".* FROM "items" WHERE "items"."user_id" = ?[0m  [["user_id", 1]]
I, [2017-12-03T09:50:03.129086 #27732]  INFO -- : [aef6c9cd-1da9-4579-bbce-2275070c7a74]   Rendered shared/_search.html.slim (43.2ms)
D, [2017-12-03T09:50:03.131140 #27732] DEBUG -- : [aef6c9cd-1da9-4579-bbce-2275070c7a74]   [1m[36mCACHE (0.0ms)[0m  [1m[34mSELECT "items".* FROM "items" WHERE "items"."user_id" = ?[0m  [["user_id", 1]]
I, [2017-12-03T09:50:03.131417 #27732]  INFO -- : [aef6c9cd-1da9-4579-bbce-2275070c7a74]   Rendered items/index.html.slim within layouts/application (460.8ms)
I, [2017-12-03T09:50:03.211981 #27732]  INFO -- : [aef6c9cd-1da9-4579-bbce-2275070c7a74]   Rendered layouts/_navigation.html.slim (41.4ms)
I, [2017-12-03T09:50:03.213111 #27732]  INFO -- : [aef6c9cd-1da9-4579-bbce-2275070c7a74] Completed 200 OK in 625ms (Views: 572.6ms | ActiveRecord: 2.2ms)
I, [2017-12-03T09:50:03.453171 #27732]  INFO -- : [7e89a913-d29a-47f7-b39d-5f3b9a0a9208] Started GET "/assets/bg_img.jpeg" for 127.0.0.1 at 2017-12-03 09:50:03 +0530
I, [2017-12-03T09:50:06.870064 #27732]  INFO -- : [070f603d-dc13-46af-8d16-57ccfcb5342e] Started GET "/orders/new" for 127.0.0.1 at 2017-12-03 09:50:06 +0530
I, [2017-12-03T09:50:06.871894 #27732]  INFO -- : [070f603d-dc13-46af-8d16-57ccfcb5342e] Processing by OrdersController#new as HTML
D, [2017-12-03T09:50:06.873860 #27732] DEBUG -- : [070f603d-dc13-46af-8d16-57ccfcb5342e]   [1m[36mUser Load (0.3ms)[0m  [1m[34mSELECT  "users".* FROM "users" WHERE "users"."id" = ? ORDER BY "users"."id" ASC LIMIT ?[0m  [["id", 1], ["LIMIT", 1]]
D, [2017-12-03T09:50:06.876004 #27732] DEBUG -- : [070f603d-dc13-46af-8d16-57ccfcb5342e]   [1m[36mItem Load (0.2ms)[0m  [1m[34mSELECT  "items".* FROM "items" ORDER BY "items"."id" ASC LIMIT ?[0m  [["LIMIT", 1]]
I, [2017-12-03T09:50:06.950924 #27732]  INFO -- : [070f603d-dc13-46af-8d16-57ccfcb5342e]   Rendering orders/new.html.slim within layouts/application
D, [2017-12-03T09:50:07.014232 #27732] DEBUG -- : [070f603d-dc13-46af-8d16-57ccfcb5342e]   [1m[36mItem Load (0.2ms)[0m  [1m[34mSELECT "items".* FROM "items" WHERE "items"."user_id" = ?[0m  [["user_id", 1]]
I, [2017-12-03T09:50:07.022492 #27732]  INFO -- : [070f603d-dc13-46af-8d16-57ccfcb5342e]   Rendered orders/_order_fields.html.slim (20.3ms)
I, [2017-12-03T09:50:07.038044 #27732]  INFO -- : [070f603d-dc13-46af-8d16-57ccfcb5342e]   Rendered orders/_order_fields.html.slim (13.0ms)
I, [2017-12-03T09:50:07.039449 #27732]  INFO -- : [070f603d-dc13-46af-8d16-57ccfcb5342e]   Rendered orders/new.html.slim within layouts/application (88.4ms)
I, [2017-12-03T09:50:07.042779 #27732]  INFO -- : [070f603d-dc13-46af-8d16-57ccfcb5342e]   Rendered layouts/_navigation.html.slim (2.1ms)
I, [2017-12-03T09:50:07.043320 #27732]  INFO -- : [070f603d-dc13-46af-8d16-57ccfcb5342e] Completed 200 OK in 171ms (Views: 94.9ms | ActiveRecord: 1.7ms)
I, [2017-12-03T09:50:07.238397 #27732]  INFO -- : [8572fdae-b777-4185-85a4-2dddc1d722f8] Started GET "/assets/bg_img.jpeg" for 127.0.0.1 at 2017-12-03 09:50:07 +0530
I, [2017-12-03T09:50:13.286020 #27732]  INFO -- : [9244e74d-652f-4713-8c95-50e6aa0c8b63] Started GET "/items" for 127.0.0.1 at 2017-12-03 09:50:13 +0530
I, [2017-12-03T09:50:13.287074 #27732]  INFO -- : [9244e74d-652f-4713-8c95-50e6aa0c8b63] Processing by ItemsController#index as HTML
D, [2017-12-03T09:50:13.289017 #27732] DEBUG -- : [9244e74d-652f-4713-8c95-50e6aa0c8b63]   [1m[36mUser Load (0.3ms)[0m  [1m[34mSELECT  "users".* FROM "users" WHERE "users"."id" = ? ORDER BY "users"."id" ASC LIMIT ?[0m  [["id", 1], ["LIMIT", 1]]
I, [2017-12-03T09:50:13.291392 #27732]  INFO -- : [9244e74d-652f-4713-8c95-50e6aa0c8b63]   Rendering items/index.html.slim within layouts/application
D, [2017-12-03T09:50:13.293307 #27732] DEBUG -- : [9244e74d-652f-4713-8c95-50e6aa0c8b63]   [1m[36mItem Load (0.1ms)[0m  [1m[34mSELECT "items".* FROM "items" WHERE "items"."user_id" = ?[0m  [["user_id", 1]]
I, [2017-12-03T09:50:13.294647 #27732]  INFO -- : [9244e74d-652f-4713-8c95-50e6aa0c8b63]   Rendered shared/_search.html.slim (2.6ms)
D, [2017-12-03T09:50:13.296100 #27732] DEBUG -- : [9244e74d-652f-4713-8c95-50e6aa0c8b63]   [1m[36mCACHE (0.0ms)[0m  [1m[34mSELECT "items".* FROM "items" WHERE "items"."user_id" = ?[0m  [["user_id", 1]]
I, [2017-12-03T09:50:13.296389 #27732]  INFO -- : [9244e74d-652f-4713-8c95-50e6aa0c8b63]   Rendered items/index.html.slim within layouts/application (4.8ms)
I, [2017-12-03T09:50:13.299379 #27732]  INFO -- : [9244e74d-652f-4713-8c95-50e6aa0c8b63]   Rendered layouts/_navigation.html.slim (1.9ms)
I, [2017-12-03T09:50:13.300013 #27732]  INFO -- : [9244e74d-652f-4713-8c95-50e6aa0c8b63] Completed 200 OK in 13ms (Views: 8.7ms | ActiveRecord: 0.4ms)
I, [2017-12-03T09:50:13.546313 #27732]  INFO -- : [43051dcd-2a62-4622-9147-8e71b4c456d2] Started GET "/assets/bg_img.jpeg" for 127.0.0.1 at 2017-12-03 09:50:13 +0530
I, [2017-12-03T09:50:15.829968 #27732]  INFO -- : [da5843b1-ad67-42ad-b48f-72faa86cc62d] Started GET "/items/new" for 127.0.0.1 at 2017-12-03 09:50:15 +0530
I, [2017-12-03T09:50:15.831515 #27732]  INFO -- : [da5843b1-ad67-42ad-b48f-72faa86cc62d] Processing by ItemsController#new as HTML
D, [2017-12-03T09:50:15.833805 #27732] DEBUG -- : [da5843b1-ad67-42ad-b48f-72faa86cc62d]   [1m[36mUser Load (0.4ms)[0m  [1m[34mSELECT  "users".* FROM "users" WHERE "users"."id" = ? ORDER BY "users"."id" ASC LIMIT ?[0m  [["id", 1], ["LIMIT", 1]]
I, [2017-12-03T09:50:15.852530 #27732]  INFO -- : [da5843b1-ad67-42ad-b48f-72faa86cc62d]   Rendering items/new.html.slim within layouts/application
I, [2017-12-03T09:50:15.885012 #27732]  INFO -- : [da5843b1-ad67-42ad-b48f-72faa86cc62d]   Rendered items/_form.html.slim (10.8ms)
I, [2017-12-03T09:50:15.885166 #27732]  INFO -- : [da5843b1-ad67-42ad-b48f-72faa86cc62d]   Rendered items/new.html.slim within layouts/application (32.5ms)
I, [2017-12-03T09:50:15.887911 #27732]  INFO -- : [da5843b1-ad67-42ad-b48f-72faa86cc62d]   Rendered layouts/_navigation.html.slim (1.8ms)
I, [2017-12-03T09:50:15.888260 #27732]  INFO -- : [da5843b1-ad67-42ad-b48f-72faa86cc62d] Completed 200 OK in 57ms (Views: 36.0ms | ActiveRecord: 0.4ms)
I, [2017-12-03T09:50:16.079085 #27732]  INFO -- : [919271e1-90de-45be-8d54-ff94512e94a3] Started GET "/assets/bg_img.jpeg" for 127.0.0.1 at 2017-12-03 09:50:16 +0530
I, [2017-12-03T09:50:24.017967 #27732]  INFO -- : [dd14c283-8c1a-49c8-a331-ba5e3d26350a] Started GET "/orders/new" for 127.0.0.1 at 2017-12-03 09:50:24 +0530
I, [2017-12-03T09:50:24.019121 #27732]  INFO -- : [dd14c283-8c1a-49c8-a331-ba5e3d26350a] Processing by OrdersController#new as HTML
D, [2017-12-03T09:50:24.021218 #27732] DEBUG -- : [dd14c283-8c1a-49c8-a331-ba5e3d26350a]   [1m[36mUser Load (0.3ms)[0m  [1m[34mSELECT  "users".* FROM "users" WHERE "users"."id" = ? ORDER BY "users"."id" ASC LIMIT ?[0m  [["id", 1], ["LIMIT", 1]]
D, [2017-12-03T09:50:24.022772 #27732] DEBUG -- : [dd14c283-8c1a-49c8-a331-ba5e3d26350a]   [1m[36mItem Load (0.3ms)[0m  [1m[34mSELECT  "items".* FROM "items" ORDER BY "items"."id" ASC LIMIT ?[0m  [["LIMIT", 1]]
I, [2017-12-03T09:50:24.025123 #27732]  INFO -- : [dd14c283-8c1a-49c8-a331-ba5e3d26350a]   Rendering orders/new.html.slim within layouts/application
D, [2017-12-03T09:50:24.028484 #27732] DEBUG -- : [dd14c283-8c1a-49c8-a331-ba5e3d26350a]   [1m[36mItem Load (0.1ms)[0m  [1m[34mSELECT "items".* FROM "items" WHERE "items"."user_id" = ?[0m  [["user_id", 1]]
I, [2017-12-03T09:50:24.034529 #27732]  INFO -- : [dd14c283-8c1a-49c8-a331-ba5e3d26350a]   Rendered orders/_order_fields.html.slim (8.2ms)
I, [2017-12-03T09:50:24.041598 #27732]  INFO -- : [dd14c283-8c1a-49c8-a331-ba5e3d26350a]   Rendered orders/_order_fields.html.slim (5.8ms)
I, [2017-12-03T09:50:24.042675 #27732]  INFO -- : [dd14c283-8c1a-49c8-a331-ba5e3d26350a]   Rendered orders/new.html.slim within layouts/application (17.4ms)
I, [2017-12-03T09:50:24.045238 #27732]  INFO -- : [dd14c283-8c1a-49c8-a331-ba5e3d26350a]   Rendered layouts/_navigation.html.slim (1.6ms)
I, [2017-12-03T09:50:24.045718 #27732]  INFO -- : [dd14c283-8c1a-49c8-a331-ba5e3d26350a] Completed 200 OK in 26ms (Views: 20.7ms | ActiveRecord: 0.8ms)
I, [2017-12-03T09:50:24.430803 #27732]  INFO -- : [b05f3cd2-1435-4e98-85a5-1dfbb9742d64] Started GET "/assets/bg_img.jpeg" for 127.0.0.1 at 2017-12-03 09:50:24 +0530
I, [2017-12-03T09:54:34.135951 #27732]  INFO -- : [3a4a4d33-18d9-4883-a9b6-862d463b1d56] Started GET "/orders/new" for 127.0.0.1 at 2017-12-03 09:54:34 +0530
I, [2017-12-03T09:54:34.136898 #27732]  INFO -- : [3a4a4d33-18d9-4883-a9b6-862d463b1d56] Processing by OrdersController#new as HTML
D, [2017-12-03T09:54:34.138738 #27732] DEBUG -- : [3a4a4d33-18d9-4883-a9b6-862d463b1d56]   [1m[36mUser Load (0.3ms)[0m  [1m[34mSELECT  "users".* FROM "users" WHERE "users"."id" = ? ORDER BY "users"."id" ASC LIMIT ?[0m  [["id", 1], ["LIMIT", 1]]
D, [2017-12-03T09:54:34.140031 #27732] DEBUG -- : [3a4a4d33-18d9-4883-a9b6-862d463b1d56]   [1m[36mItem Load (0.3ms)[0m  [1m[34mSELECT  "items".* FROM "items" ORDER BY "items"."id" ASC LIMIT ?[0m  [["LIMIT", 1]]
I, [2017-12-03T09:54:34.141951 #27732]  INFO -- : [3a4a4d33-18d9-4883-a9b6-862d463b1d56]   Rendering orders/new.html.slim within layouts/application
D, [2017-12-03T09:54:34.144946 #27732] DEBUG -- : [3a4a4d33-18d9-4883-a9b6-862d463b1d56]   [1m[36mItem Load (0.1ms)[0m  [1m[34mSELECT "items".* FROM "items" WHERE "items"."user_id" = ?[0m  [["user_id", 1]]
I, [2017-12-03T09:54:34.152189 #27732]  INFO -- : [3a4a4d33-18d9-4883-a9b6-862d463b1d56]   Rendered orders/_order_fields.html.slim (9.3ms)
I, [2017-12-03T09:54:34.160236 #27732]  INFO -- : [3a4a4d33-18d9-4883-a9b6-862d463b1d56]   Rendered orders/_order_fields.html.slim (6.6ms)
I, [2017-12-03T09:54:34.161396 #27732]  INFO -- : [3a4a4d33-18d9-4883-a9b6-862d463b1d56]   Rendered orders/new.html.slim within layouts/application (19.3ms)
I, [2017-12-03T09:54:34.163755 #27732]  INFO -- : [3a4a4d33-18d9-4883-a9b6-862d463b1d56]   Rendered layouts/_navigation.html.slim (1.5ms)
I, [2017-12-03T09:54:34.164279 #27732]  INFO -- : [3a4a4d33-18d9-4883-a9b6-862d463b1d56] Completed 200 OK in 27ms (Views: 22.4ms | ActiveRecord: 0.7ms)
I, [2017-12-03T09:54:34.353166 #27732]  INFO -- : [55eaeaec-131e-4bce-9272-dd30bd4d2b43] Started GET "/assets/bg_img.jpeg" for 127.0.0.1 at 2017-12-03 09:54:34 +0530
I, [2017-12-04T12:14:38.507362 #18210]  INFO -- : [9594cb0b-82a4-4f1c-9777-eab748490500] Started GET "/" for 127.0.0.1 at 2017-12-04 12:14:38 +0530
I, [2017-12-04T12:14:38.540624 #18210]  INFO -- : [9594cb0b-82a4-4f1c-9777-eab748490500] Processing by ItemsController#index as HTML
I, [2017-12-04T12:14:38.555286 #18210]  INFO -- : [9594cb0b-82a4-4f1c-9777-eab748490500] Completed 401 Unauthorized in 14ms
I, [2017-12-04T12:14:38.768855 #18210]  INFO -- : [9da768c5-e1e2-4dc6-a531-daa84ddef451] Started GET "/users/sign_in" for 127.0.0.1 at 2017-12-04 12:14:38 +0530
I, [2017-12-04T12:14:38.771172 #18210]  INFO -- : [9da768c5-e1e2-4dc6-a531-daa84ddef451] Processing by Devise::SessionsController#new as HTML
I, [2017-12-04T12:14:38.913962 #18210]  INFO -- : [9da768c5-e1e2-4dc6-a531-daa84ddef451]   Rendering devise/sessions/new.html.slim within layouts/application
I, [2017-12-04T12:14:38.991351 #18210]  INFO -- : [9da768c5-e1e2-4dc6-a531-daa84ddef451]   Rendered devise/shared/_links.html.erb (1.5ms)
I, [2017-12-04T12:14:38.991943 #18210]  INFO -- : [9da768c5-e1e2-4dc6-a531-daa84ddef451]   Rendered devise/sessions/new.html.slim within layouts/application (77.8ms)
I, [2017-12-04T12:14:39.003584 #18210]  INFO -- : [9da768c5-e1e2-4dc6-a531-daa84ddef451] Completed 200 OK in 232ms (Views: 113.6ms | ActiveRecord: 20.1ms)
I, [2017-12-04T12:14:39.353639 #18210]  INFO -- : [9c2ae71d-606a-46a6-8f10-c2099c0a7686] Started GET "/assets/bg_img.jpeg" for 127.0.0.1 at 2017-12-04 12:14:39 +0530
I, [2017-12-04T12:15:02.017045 #18210]  INFO -- : [a5d04551-fd42-439a-a275-4c3545e0d4c0] Started POST "/users/sign_in" for 127.0.0.1 at 2017-12-04 12:15:02 +0530
I, [2017-12-04T12:15:02.018559 #18210]  INFO -- : [a5d04551-fd42-439a-a275-4c3545e0d4c0] Processing by Devise::SessionsController#create as HTML
I, [2017-12-04T12:15:02.018713 #18210]  INFO -- : [a5d04551-fd42-439a-a275-4c3545e0d4c0]   Parameters: {"utf8"=>"✓", "authenticity_token"=>"uwJGU5M50wjs13BUXtFV9in/I8iwXa4v8nXKeJsOkbTFgZWGfQFt1eMx9g60Ah6VHliGsicJpqrzQuNSuZb3aQ==", "user"=>{"email"=>"swatantrajha7@example.com", "password"=>"[FILTERED]", "remember_me"=>"0"}, "commit"=>"Log in"}
D, [2017-12-04T12:15:02.076938 #18210] DEBUG -- : [a5d04551-fd42-439a-a275-4c3545e0d4c0]   [1m[36mUser Load (0.4ms)[0m  [1m[34mSELECT  "users".* FROM "users" WHERE "users"."email" = ? ORDER BY "users"."id" ASC LIMIT ?[0m  [["email", "swatantrajha7@example.com"], ["LIMIT", 1]]
I, [2017-12-04T12:15:02.641977 #18210]  INFO -- : [a5d04551-fd42-439a-a275-4c3545e0d4c0] Completed 401 Unauthorized in 623ms (ActiveRecord: 0.4ms)
I, [2017-12-04T12:15:02.643098 #18210]  INFO -- : [a5d04551-fd42-439a-a275-4c3545e0d4c0] Processing by Devise::SessionsController#new as HTML
I, [2017-12-04T12:15:02.643201 #18210]  INFO -- : [a5d04551-fd42-439a-a275-4c3545e0d4c0]   Parameters: {"utf8"=>"✓", "authenticity_token"=>"uwJGU5M50wjs13BUXtFV9in/I8iwXa4v8nXKeJsOkbTFgZWGfQFt1eMx9g60Ah6VHliGsicJpqrzQuNSuZb3aQ==", "user"=>{"email"=>"swatantrajha7@example.com", "password"=>"[FILTERED]", "remember_me"=>"0"}, "commit"=>"Log in"}
I, [2017-12-04T12:15:02.856656 #18210]  INFO -- : [a5d04551-fd42-439a-a275-4c3545e0d4c0]   Rendering devise/sessions/new.html.slim within layouts/application
I, [2017-12-04T12:15:02.859242 #18210]  INFO -- : [a5d04551-fd42-439a-a275-4c3545e0d4c0]   Rendered devise/shared/_links.html.erb (0.2ms)
I, [2017-12-04T12:15:02.859567 #18210]  INFO -- : [a5d04551-fd42-439a-a275-4c3545e0d4c0]   Rendered devise/sessions/new.html.slim within layouts/application (2.8ms)
I, [2017-12-04T12:15:02.860523 #18210]  INFO -- : [a5d04551-fd42-439a-a275-4c3545e0d4c0] Completed 200 OK in 217ms (Views: 4.2ms | ActiveRecord: 0.0ms)
I, [2017-12-04T12:15:03.122627 #18210]  INFO -- : [ef3a8c4c-5efe-48aa-a53e-b909b0f9dd61] Started GET "/assets/bg_img.jpeg" for 127.0.0.1 at 2017-12-04 12:15:03 +0530
D, [2017-12-04T12:16:11.519910 #18366] DEBUG -- :   [1m[36mUser Load (0.3ms)[0m  [1m[34mSELECT  "users".* FROM "users" ORDER BY "users"."id" DESC LIMIT ?[0m  [["LIMIT", 1]]
D, [2017-12-04T12:16:19.298694 #18366] DEBUG -- :   [1m[36mUser Load (0.3ms)[0m  [1m[34mSELECT  "users".* FROM "users" ORDER BY "users"."id" DESC LIMIT ?[0m  [["LIMIT", 1]]
D, [2017-12-04T12:16:31.464125 #18366] DEBUG -- :   [1m[35m (0.2ms)[0m  [1m[36mbegin transaction[0m
D, [2017-12-04T12:16:31.472259 #18366] DEBUG -- :   [1m[35mSQL (0.9ms)[0m  [1m[33mUPDATE "users" SET "encrypted_password" = ?, "updated_at" = ? WHERE "users"."id" = ?[0m  [["encrypted_password", "$2a$11$6EqSSS2lbhcaDLuTqcTMz.kzgiavJE1SJ3sLj5WJq3nyZpqsnKbUK"], ["updated_at", "2017-12-04 06:46:31.466885"], ["id", 1]]
D, [2017-12-04T12:16:31.647841 #18366] DEBUG -- :   [1m[35m (173.8ms)[0m  [1m[36mcommit transaction[0m
I, [2017-12-04T12:16:42.547618 #18210]  INFO -- : [59725612-8c00-4640-b00b-72445fc39d29] Started POST "/users/sign_in" for 127.0.0.1 at 2017-12-04 12:16:42 +0530
I, [2017-12-04T12:16:42.548915 #18210]  INFO -- : [59725612-8c00-4640-b00b-72445fc39d29] Processing by Devise::SessionsController#create as HTML
I, [2017-12-04T12:16:42.549085 #18210]  INFO -- : [59725612-8c00-4640-b00b-72445fc39d29]   Parameters: {"utf8"=>"✓", "authenticity_token"=>"DJs1/bKjYdgnWFK5Kx110kN80DGcp11H8Wch+WluHuxyGOYoXJvfBSi+1OPBzj6xdNt1SwvzVcLwUAjTS/Z4MQ==", "user"=>{"email"=>"swatantrajha7@example.com", "password"=>"[FILTERED]", "remember_me"=>"0"}, "commit"=>"Log in"}
D, [2017-12-04T12:16:42.552406 #18210] DEBUG -- : [59725612-8c00-4640-b00b-72445fc39d29]   [1m[36mUser Load (0.5ms)[0m  [1m[34mSELECT  "users".* FROM "users" WHERE "users"."email" = ? ORDER BY "users"."id" ASC LIMIT ?[0m  [["email", "swatantrajha7@example.com"], ["LIMIT", 1]]
D, [2017-12-04T12:16:42.768285 #18210] DEBUG -- : [59725612-8c00-4640-b00b-72445fc39d29]   [1m[35m (0.1ms)[0m  [1m[36mbegin transaction[0m
D, [2017-12-04T12:16:42.770746 #18210] DEBUG -- : [59725612-8c00-4640-b00b-72445fc39d29]   [1m[35mSQL (0.3ms)[0m  [1m[33mUPDATE "users" SET "current_sign_in_at" = ?, "last_sign_in_at" = ?, "sign_in_count" = ?, "updated_at" = ? WHERE "users"."id" = ?[0m  [["current_sign_in_at", "2017-12-04 06:46:42.767665"], ["last_sign_in_at", "2017-12-03 04:17:45.051988"], ["sign_in_count", 4], ["updated_at", "2017-12-04 06:46:42.769062"], ["id", 1]]
D, [2017-12-04T12:16:42.939062 #18210] DEBUG -- : [59725612-8c00-4640-b00b-72445fc39d29]   [1m[35m (167.6ms)[0m  [1m[36mcommit transaction[0m
I, [2017-12-04T12:16:42.947235 #18210]  INFO -- : [59725612-8c00-4640-b00b-72445fc39d29] Redirected to http://localhost:3000/
I, [2017-12-04T12:16:42.947665 #18210]  INFO -- : [59725612-8c00-4640-b00b-72445fc39d29] Completed 302 Found in 398ms (ActiveRecord: 168.5ms)
I, [2017-12-04T12:16:42.962168 #18210]  INFO -- : [7aef21a1-2ca9-40a3-a58f-e749934d6c37] Started GET "/" for 127.0.0.1 at 2017-12-04 12:16:42 +0530
I, [2017-12-04T12:16:42.963805 #18210]  INFO -- : [7aef21a1-2ca9-40a3-a58f-e749934d6c37] Processing by ItemsController#index as HTML
D, [2017-12-04T12:16:42.966586 #18210] DEBUG -- : [7aef21a1-2ca9-40a3-a58f-e749934d6c37]   [1m[36mUser Load (0.5ms)[0m  [1m[34mSELECT  "users".* FROM "users" WHERE "users"."id" = ? ORDER BY "users"."id" ASC LIMIT ?[0m  [["id", 1], ["LIMIT", 1]]
I, [2017-12-04T12:16:43.002117 #18210]  INFO -- : [7aef21a1-2ca9-40a3-a58f-e749934d6c37]   Rendering items/index.html.slim within layouts/application
D, [2017-12-04T12:16:43.058503 #18210] DEBUG -- : [7aef21a1-2ca9-40a3-a58f-e749934d6c37]   [1m[36mItem Load (0.4ms)[0m  [1m[34mSELECT "items".* FROM "items" WHERE "items"."user_id" = ?[0m  [["user_id", 1]]
I, [2017-12-04T12:16:43.060391 #18210]  INFO -- : [7aef21a1-2ca9-40a3-a58f-e749934d6c37]   Rendered shared/_search.html.slim (31.9ms)
D, [2017-12-04T12:16:43.062110 #18210] DEBUG -- : [7aef21a1-2ca9-40a3-a58f-e749934d6c37]   [1m[36mCACHE (0.0ms)[0m  [1m[34mSELECT "items".* FROM "items" WHERE "items"."user_id" = ?[0m  [["user_id", 1]]
I, [2017-12-04T12:16:43.062337 #18210]  INFO -- : [7aef21a1-2ca9-40a3-a58f-e749934d6c37]   Rendered items/index.html.slim within layouts/application (60.0ms)
I, [2017-12-04T12:16:43.120495 #18210]  INFO -- : [7aef21a1-2ca9-40a3-a58f-e749934d6c37]   Rendered layouts/_navigation.html.slim (29.6ms)
I, [2017-12-04T12:16:43.121212 #18210]  INFO -- : [7aef21a1-2ca9-40a3-a58f-e749934d6c37] Completed 200 OK in 157ms (Views: 120.5ms | ActiveRecord: 1.4ms)
I, [2017-12-04T12:16:43.366614 #18210]  INFO -- : [8efed792-711a-4458-82c2-af410b2247f0] Started GET "/assets/bg_img.jpeg" for 127.0.0.1 at 2017-12-04 12:16:43 +0530
I, [2017-12-04T12:16:48.110261 #18210]  INFO -- : [b7fefdf1-cc7f-4661-abd5-fb096065c7a7] Started GET "/orders/new" for 127.0.0.1 at 2017-12-04 12:16:48 +0530
I, [2017-12-04T12:16:48.112042 #18210]  INFO -- : [b7fefdf1-cc7f-4661-abd5-fb096065c7a7] Processing by OrdersController#new as HTML
D, [2017-12-04T12:16:48.113632 #18210] DEBUG -- : [b7fefdf1-cc7f-4661-abd5-fb096065c7a7]   [1m[36mUser Load (0.3ms)[0m  [1m[34mSELECT  "users".* FROM "users" WHERE "users"."id" = ? ORDER BY "users"."id" ASC LIMIT ?[0m  [["id", 1], ["LIMIT", 1]]
D, [2017-12-04T12:16:48.115192 #18210] DEBUG -- : [b7fefdf1-cc7f-4661-abd5-fb096065c7a7]   [1m[36mItem Load (0.2ms)[0m  [1m[34mSELECT  "items".* FROM "items" ORDER BY "items"."id" ASC LIMIT ?[0m  [["LIMIT", 1]]
I, [2017-12-04T12:16:48.157059 #18210]  INFO -- : [b7fefdf1-cc7f-4661-abd5-fb096065c7a7]   Rendering orders/new.html.slim within layouts/application
D, [2017-12-04T12:16:48.182540 #18210] DEBUG -- : [b7fefdf1-cc7f-4661-abd5-fb096065c7a7]   [1m[36mItem Load (0.1ms)[0m  [1m[34mSELECT "items".* FROM "items" WHERE "items"."user_id" = ?[0m  [["user_id", 1]]
I, [2017-12-04T12:16:48.186898 #18210]  INFO -- : [b7fefdf1-cc7f-4661-abd5-fb096065c7a7]   Rendered orders/_order_fields.html.slim (11.0ms)
I, [2017-12-04T12:16:48.197423 #18210]  INFO -- : [b7fefdf1-cc7f-4661-abd5-fb096065c7a7]   Rendered orders/_order_fields.html.slim (9.0ms)
I, [2017-12-04T12:16:48.198377 #18210]  INFO -- : [b7fefdf1-cc7f-4661-abd5-fb096065c7a7]   Rendered orders/new.html.slim within layouts/application (41.2ms)
I, [2017-12-04T12:16:48.200737 #18210]  INFO -- : [b7fefdf1-cc7f-4661-abd5-fb096065c7a7]   Rendered layouts/_navigation.html.slim (1.6ms)
I, [2017-12-04T12:16:48.201081 #18210]  INFO -- : [b7fefdf1-cc7f-4661-abd5-fb096065c7a7] Completed 200 OK in 89ms (Views: 45.1ms | ActiveRecord: 1.5ms)
I, [2017-12-04T12:16:48.374073 #18210]  INFO -- : [4a760df4-ba9e-4d5b-8cdf-5c89fabfa4b7] Started GET "/assets/bg_img.jpeg" for 127.0.0.1 at 2017-12-04 12:16:48 +0530
I, [2017-12-04T15:16:38.870194 #18210]  INFO -- : [8e1bc33e-787c-430c-8e99-75d3be4e6665] Started GET "/orders" for 127.0.0.1 at 2017-12-04 15:16:38 +0530
I, [2017-12-04T15:16:38.871711 #18210]  INFO -- : [8e1bc33e-787c-430c-8e99-75d3be4e6665] Processing by OrdersController#index as HTML
D, [2017-12-04T15:16:38.874588 #18210] DEBUG -- : [8e1bc33e-787c-430c-8e99-75d3be4e6665]   [1m[36mUser Load (0.5ms)[0m  [1m[34mSELECT  "users".* FROM "users" WHERE "users"."id" = ? ORDER BY "users"."id" ASC LIMIT ?[0m  [["id", 1], ["LIMIT", 1]]
I, [2017-12-04T15:16:38.894412 #18210]  INFO -- : [8e1bc33e-787c-430c-8e99-75d3be4e6665]   Rendering orders/index.html.slim within layouts/application
I, [2017-12-04T15:16:38.927029 #18210]  INFO -- : [8e1bc33e-787c-430c-8e99-75d3be4e6665]   Rendered orders/_search.html.slim (5.7ms)
D, [2017-12-04T15:16:38.928317 #18210] DEBUG -- : [8e1bc33e-787c-430c-8e99-75d3be4e6665]   [1m[36mOrder Load (0.2ms)[0m  [1m[34mSELECT "orders".* FROM "orders" WHERE "orders"."user_id" = ?[0m  [["user_id", 1]]
I, [2017-12-04T15:16:38.928478 #18210]  INFO -- : [8e1bc33e-787c-430c-8e99-75d3be4e6665]   Rendered orders/index.html.slim within layouts/application (33.8ms)
I, [2017-12-04T15:16:38.930824 #18210]  INFO -- : [8e1bc33e-787c-430c-8e99-75d3be4e6665]   Rendered layouts/_navigation.html.slim (1.5ms)
I, [2017-12-04T15:16:38.931123 #18210]  INFO -- : [8e1bc33e-787c-430c-8e99-75d3be4e6665] Completed 200 OK in 59ms (Views: 37.2ms | ActiveRecord: 0.7ms)
I, [2017-12-04T15:16:39.262591 #18210]  INFO -- : [2c193224-4ee2-4cf1-b4d9-bd13483ed564] Started GET "/assets/bg_img.jpeg" for 127.0.0.1 at 2017-12-04 15:16:39 +0530
I, [2017-12-04T15:16:45.014749 #18210]  INFO -- : [96269a4d-251c-48eb-b70a-60bd51281590] Started GET "/orders/new" for 127.0.0.1 at 2017-12-04 15:16:45 +0530
I, [2017-12-04T15:16:45.015579 #18210]  INFO -- : [96269a4d-251c-48eb-b70a-60bd51281590] Processing by OrdersController#new as HTML
D, [2017-12-04T15:16:45.017189 #18210] DEBUG -- : [96269a4d-251c-48eb-b70a-60bd51281590]   [1m[36mUser Load (0.3ms)[0m  [1m[34mSELECT  "users".* FROM "users" WHERE "users"."id" = ? ORDER BY "users"."id" ASC LIMIT ?[0m  [["id", 1], ["LIMIT", 1]]
D, [2017-12-04T15:16:45.018577 #18210] DEBUG -- : [96269a4d-251c-48eb-b70a-60bd51281590]   [1m[36mItem Load (0.4ms)[0m  [1m[34mSELECT  "items".* FROM "items" ORDER BY "items"."id" ASC LIMIT ?[0m  [["LIMIT", 1]]
I, [2017-12-04T15:16:45.020350 #18210]  INFO -- : [96269a4d-251c-48eb-b70a-60bd51281590]   Rendering orders/new.html.slim within layouts/application
D, [2017-12-04T15:16:45.022984 #18210] DEBUG -- : [96269a4d-251c-48eb-b70a-60bd51281590]   [1m[36mItem Load (0.1ms)[0m  [1m[34mSELECT "items".* FROM "items" WHERE "items"."user_id" = ?[0m  [["user_id", 1]]
I, [2017-12-04T15:16:45.028573 #18210]  INFO -- : [96269a4d-251c-48eb-b70a-60bd51281590]   Rendered orders/_order_fields.html.slim (7.2ms)
I, [2017-12-04T15:16:45.035520 #18210]  INFO -- : [96269a4d-251c-48eb-b70a-60bd51281590]   Rendered orders/_order_fields.html.slim (5.8ms)
I, [2017-12-04T15:16:45.036807 #18210]  INFO -- : [96269a4d-251c-48eb-b70a-60bd51281590]   Rendered orders/new.html.slim within layouts/application (16.3ms)
I, [2017-12-04T15:16:45.039282 #18210]  INFO -- : [96269a4d-251c-48eb-b70a-60bd51281590]   Rendered layouts/_navigation.html.slim (1.5ms)
I, [2017-12-04T15:16:45.039660 #18210]  INFO -- : [96269a4d-251c-48eb-b70a-60bd51281590] Completed 200 OK in 24ms (Views: 19.4ms | ActiveRecord: 0.7ms)
I, [2017-12-04T15:16:45.214264 #18210]  INFO -- : [b90fd420-390e-499d-9b43-c419906f7520] Started GET "/assets/bg_img.jpeg" for 127.0.0.1 at 2017-12-04 15:16:45 +0530
I, [2017-12-04T15:17:10.570062 #18210]  INFO -- : [3781e31b-8a62-453d-b094-a9ab11951d40] Started GET "/orders" for 127.0.0.1 at 2017-12-04 15:17:10 +0530
I, [2017-12-04T15:17:10.571095 #18210]  INFO -- : [3781e31b-8a62-453d-b094-a9ab11951d40] Processing by OrdersController#index as HTML
D, [2017-12-04T15:17:10.573061 #18210] DEBUG -- : [3781e31b-8a62-453d-b094-a9ab11951d40]   [1m[36mUser Load (0.3ms)[0m  [1m[34mSELECT  "users".* FROM "users" WHERE "users"."id" = ? ORDER BY "users"."id" ASC LIMIT ?[0m  [["id", 1], ["LIMIT", 1]]
I, [2017-12-04T15:17:10.575406 #18210]  INFO -- : [3781e31b-8a62-453d-b094-a9ab11951d40]   Rendering orders/index.html.slim within layouts/application
I, [2017-12-04T15:17:10.577563 #18210]  INFO -- : [3781e31b-8a62-453d-b094-a9ab11951d40]   Rendered orders/_search.html.slim (1.7ms)
D, [2017-12-04T15:17:10.579314 #18210] DEBUG -- : [3781e31b-8a62-453d-b094-a9ab11951d40]   [1m[36mOrder Load (0.3ms)[0m  [1m[34mSELECT "orders".* FROM "orders" WHERE "orders"."user_id" = ?[0m  [["user_id", 1]]
I, [2017-12-04T15:17:10.579621 #18210]  INFO -- : [3781e31b-8a62-453d-b094-a9ab11951d40]   Rendered orders/index.html.slim within layouts/application (4.0ms)
I, [2017-12-04T15:17:10.583135 #18210]  INFO -- : [3781e31b-8a62-453d-b094-a9ab11951d40]   Rendered layouts/_navigation.html.slim (2.2ms)
I, [2017-12-04T15:17:10.583717 #18210]  INFO -- : [3781e31b-8a62-453d-b094-a9ab11951d40] Completed 200 OK in 12ms (Views: 8.3ms | ActiveRecord: 0.6ms)
I, [2017-12-04T15:17:10.824179 #18210]  INFO -- : [49bd6c62-4a8e-4f55-a51c-62f373434cd7] Started GET "/assets/bg_img.jpeg" for 127.0.0.1 at 2017-12-04 15:17:10 +0530
I, [2017-12-04T15:24:10.037988 #18210]  INFO -- : [3e7a10ec-5c6c-4f1c-84ad-73f6c0a1eb72] Started GET "/" for 127.0.0.1 at 2017-12-04 15:24:10 +0530
I, [2017-12-04T15:24:10.038963 #18210]  INFO -- : [3e7a10ec-5c6c-4f1c-84ad-73f6c0a1eb72] Processing by ItemsController#index as HTML
D, [2017-12-04T15:24:10.041057 #18210] DEBUG -- : [3e7a10ec-5c6c-4f1c-84ad-73f6c0a1eb72]   [1m[36mUser Load (0.4ms)[0m  [1m[34mSELECT  "users".* FROM "users" WHERE "users"."id" = ? ORDER BY "users"."id" ASC LIMIT ?[0m  [["id", 1], ["LIMIT", 1]]
I, [2017-12-04T15:24:10.043789 #18210]  INFO -- : [3e7a10ec-5c6c-4f1c-84ad-73f6c0a1eb72]   Rendering items/index.html.slim within layouts/application
D, [2017-12-04T15:24:10.046032 #18210] DEBUG -- : [3e7a10ec-5c6c-4f1c-84ad-73f6c0a1eb72]   [1m[36mItem Load (0.1ms)[0m  [1m[34mSELECT "items".* FROM "items" WHERE "items"."user_id" = ?[0m  [["user_id", 1]]
I, [2017-12-04T15:24:10.047552 #18210]  INFO -- : [3e7a10ec-5c6c-4f1c-84ad-73f6c0a1eb72]   Rendered shared/_search.html.slim (3.0ms)
D, [2017-12-04T15:24:10.049344 #18210] DEBUG -- : [3e7a10ec-5c6c-4f1c-84ad-73f6c0a1eb72]   [1m[36mCACHE (0.0ms)[0m  [1m[34mSELECT "items".* FROM "items" WHERE "items"."user_id" = ?[0m  [["user_id", 1]]
I, [2017-12-04T15:24:10.049612 #18210]  INFO -- : [3e7a10ec-5c6c-4f1c-84ad-73f6c0a1eb72]   Rendered items/index.html.slim within layouts/application (5.6ms)
I, [2017-12-04T15:24:10.054137 #18210]  INFO -- : [3e7a10ec-5c6c-4f1c-84ad-73f6c0a1eb72]   Rendered layouts/_navigation.html.slim (3.0ms)
I, [2017-12-04T15:24:10.054676 #18210]  INFO -- : [3e7a10ec-5c6c-4f1c-84ad-73f6c0a1eb72] Completed 200 OK in 16ms (Views: 11.1ms | ActiveRecord: 0.5ms)
I, [2017-12-04T15:24:10.337918 #18210]  INFO -- : [e636d79c-d739-475c-864a-3dcc7e96f9e7] Started GET "/assets/bg_img.jpeg" for 127.0.0.1 at 2017-12-04 15:24:10 +0530
I, [2017-12-04T15:31:33.691798 #18210]  INFO -- : [cc34df71-f384-42ac-876b-4798cd6e8f6b] Started GET "/items" for 127.0.0.1 at 2017-12-04 15:31:33 +0530
I, [2017-12-04T15:31:33.692719 #18210]  INFO -- : [cc34df71-f384-42ac-876b-4798cd6e8f6b] Processing by ItemsController#index as HTML
D, [2017-12-04T15:31:33.694352 #18210] DEBUG -- : [cc34df71-f384-42ac-876b-4798cd6e8f6b]   [1m[36mUser Load (0.3ms)[0m  [1m[34mSELECT  "users".* FROM "users" WHERE "users"."id" = ? ORDER BY "users"."id" ASC LIMIT ?[0m  [["id", 1], ["LIMIT", 1]]
I, [2017-12-04T15:31:33.696445 #18210]  INFO -- : [cc34df71-f384-42ac-876b-4798cd6e8f6b]   Rendering items/index.html.slim within layouts/application
D, [2017-12-04T15:31:33.697866 #18210] DEBUG -- : [cc34df71-f384-42ac-876b-4798cd6e8f6b]   [1m[36mItem Load (0.1ms)[0m  [1m[34mSELECT "items".* FROM "items" WHERE "items"."user_id" = ?[0m  [["user_id", 1]]
I, [2017-12-04T15:31:33.699085 #18210]  INFO -- : [cc34df71-f384-42ac-876b-4798cd6e8f6b]   Rendered shared/_search.html.slim (2.2ms)
D, [2017-12-04T15:31:33.700384 #18210] DEBUG -- : [cc34df71-f384-42ac-876b-4798cd6e8f6b]   [1m[36mCACHE (0.0ms)[0m  [1m[34mSELECT "items".* FROM "items" WHERE "items"."user_id" = ?[0m  [["user_id", 1]]
I, [2017-12-04T15:31:33.700679 #18210]  INFO -- : [cc34df71-f384-42ac-876b-4798cd6e8f6b]   Rendered items/index.html.slim within layouts/application (4.1ms)
I, [2017-12-04T15:31:33.703638 #18210]  INFO -- : [cc34df71-f384-42ac-876b-4798cd6e8f6b]   Rendered layouts/_navigation.html.slim (1.6ms)
I, [2017-12-04T15:31:33.704034 #18210]  INFO -- : [cc34df71-f384-42ac-876b-4798cd6e8f6b] Completed 200 OK in 11ms (Views: 7.6ms | ActiveRecord: 0.4ms)
I, [2017-12-04T15:31:33.917135 #18210]  INFO -- : [57e8509f-175e-4a18-8101-08a59564be8e] Started GET "/assets/bg_img.jpeg" for 127.0.0.1 at 2017-12-04 15:31:33 +0530
I, [2017-12-04T15:31:37.603775 #18210]  INFO -- : [4bf73037-d87e-4435-ae11-d0aad7017756] Started GET "/items/new" for 127.0.0.1 at 2017-12-04 15:31:37 +0530
I, [2017-12-04T15:31:37.605156 #18210]  INFO -- : [4bf73037-d87e-4435-ae11-d0aad7017756] Processing by ItemsController#new as HTML
D, [2017-12-04T15:31:37.607241 #18210] DEBUG -- : [4bf73037-d87e-4435-ae11-d0aad7017756]   [1m[36mUser Load (0.4ms)[0m  [1m[34mSELECT  "users".* FROM "users" WHERE "users"."id" = ? ORDER BY "users"."id" ASC LIMIT ?[0m  [["id", 1], ["LIMIT", 1]]
I, [2017-12-04T15:31:37.621827 #18210]  INFO -- : [4bf73037-d87e-4435-ae11-d0aad7017756]   Rendering items/new.html.slim within layouts/application
I, [2017-12-04T15:31:37.654101 #18210]  INFO -- : [4bf73037-d87e-4435-ae11-d0aad7017756]   Rendered items/_form.html.slim (10.7ms)
I, [2017-12-04T15:31:37.654269 #18210]  INFO -- : [4bf73037-d87e-4435-ae11-d0aad7017756]   Rendered items/new.html.slim within layouts/application (32.3ms)
I, [2017-12-04T15:31:37.656854 #18210]  INFO -- : [4bf73037-d87e-4435-ae11-d0aad7017756]   Rendered layouts/_navigation.html.slim (1.6ms)
I, [2017-12-04T15:31:37.657187 #18210]  INFO -- : [4bf73037-d87e-4435-ae11-d0aad7017756] Completed 200 OK in 52ms (Views: 35.7ms | ActiveRecord: 0.4ms)
I, [2017-12-04T15:31:37.852208 #18210]  INFO -- : [177ce3b1-c20f-471f-9cf3-2316c0dee095] Started GET "/assets/bg_img.jpeg" for 127.0.0.1 at 2017-12-04 15:31:37 +0530
I, [2017-12-04T15:31:56.928523 #18210]  INFO -- : [15db8c42-1788-4389-9e87-f9f89b389c48] Started GET "/orders/new" for 127.0.0.1 at 2017-12-04 15:31:56 +0530
I, [2017-12-04T15:31:56.929323 #18210]  INFO -- : [15db8c42-1788-4389-9e87-f9f89b389c48] Processing by OrdersController#new as HTML
D, [2017-12-04T15:31:56.930837 #18210] DEBUG -- : [15db8c42-1788-4389-9e87-f9f89b389c48]   [1m[36mUser Load (0.3ms)[0m  [1m[34mSELECT  "users".* FROM "users" WHERE "users"."id" = ? ORDER BY "users"."id" ASC LIMIT ?[0m  [["id", 1], ["LIMIT", 1]]
D, [2017-12-04T15:31:56.931964 #18210] DEBUG -- : [15db8c42-1788-4389-9e87-f9f89b389c48]   [1m[36mItem Load (0.2ms)[0m  [1m[34mSELECT  "items".* FROM "items" ORDER BY "items"."id" ASC LIMIT ?[0m  [["LIMIT", 1]]
I, [2017-12-04T15:31:56.933612 #18210]  INFO -- : [15db8c42-1788-4389-9e87-f9f89b389c48]   Rendering orders/new.html.slim within layouts/application
D, [2017-12-04T15:31:56.936075 #18210] DEBUG -- : [15db8c42-1788-4389-9e87-f9f89b389c48]   [1m[36mItem Load (0.1ms)[0m  [1m[34mSELECT "items".* FROM "items" WHERE "items"."user_id" = ?[0m  [["user_id", 1]]
I, [2017-12-04T15:31:56.940440 #18210]  INFO -- : [15db8c42-1788-4389-9e87-f9f89b389c48]   Rendered orders/_order_fields.html.slim (5.9ms)
I, [2017-12-04T15:31:56.946770 #18210]  INFO -- : [15db8c42-1788-4389-9e87-f9f89b389c48]   Rendered orders/_order_fields.html.slim (4.9ms)
I, [2017-12-04T15:31:56.947813 #18210]  INFO -- : [15db8c42-1788-4389-9e87-f9f89b389c48]   Rendered orders/new.html.slim within layouts/application (14.1ms)
I, [2017-12-04T15:31:56.950705 #18210]  INFO -- : [15db8c42-1788-4389-9e87-f9f89b389c48]   Rendered layouts/_navigation.html.slim (1.9ms)
I, [2017-12-04T15:31:56.951377 #18210]  INFO -- : [15db8c42-1788-4389-9e87-f9f89b389c48] Completed 200 OK in 22ms (Views: 17.8ms | ActiveRecord: 0.6ms)
I, [2017-12-04T15:31:57.183512 #18210]  INFO -- : [3d61528c-0431-48ed-956d-c66638fbb016] Started GET "/assets/bg_img.jpeg" for 127.0.0.1 at 2017-12-04 15:31:57 +0530
I, [2017-12-04T15:39:06.849412 #18210]  INFO -- : [5713262f-f52d-4de8-a631-15e231e900b5] Started GET "/items/new" for 127.0.0.1 at 2017-12-04 15:39:06 +0530
I, [2017-12-04T15:39:06.850154 #18210]  INFO -- : [5713262f-f52d-4de8-a631-15e231e900b5] Processing by ItemsController#new as HTML
D, [2017-12-04T15:39:06.851548 #18210] DEBUG -- : [5713262f-f52d-4de8-a631-15e231e900b5]   [1m[36mUser Load (0.3ms)[0m  [1m[34mSELECT  "users".* FROM "users" WHERE "users"."id" = ? ORDER BY "users"."id" ASC LIMIT ?[0m  [["id", 1], ["LIMIT", 1]]
I, [2017-12-04T15:39:06.853557 #18210]  INFO -- : [5713262f-f52d-4de8-a631-15e231e900b5]   Rendering items/new.html.slim within layouts/application
I, [2017-12-04T15:39:06.859008 #18210]  INFO -- : [5713262f-f52d-4de8-a631-15e231e900b5]   Rendered items/_form.html.slim (5.0ms)
I, [2017-12-04T15:39:06.859198 #18210]  INFO -- : [5713262f-f52d-4de8-a631-15e231e900b5]   Rendered items/new.html.slim within layouts/application (5.5ms)
I, [2017-12-04T15:39:06.861945 #18210]  INFO -- : [5713262f-f52d-4de8-a631-15e231e900b5]   Rendered layouts/_navigation.html.slim (1.8ms)
I, [2017-12-04T15:39:06.862417 #18210]  INFO -- : [5713262f-f52d-4de8-a631-15e231e900b5] Completed 200 OK in 12ms (Views: 9.0ms | ActiveRecord: 0.3ms)
I, [2017-12-04T15:39:07.103271 #18210]  INFO -- : [7aa81820-6a8f-48e9-b7fb-e6ca54924d8c] Started GET "/assets/bg_img.jpeg" for 127.0.0.1 at 2017-12-04 15:39:07 +0530
I, [2017-12-04T15:39:11.512019 #18210]  INFO -- : [d485411b-6007-4671-88b2-c13916f34c3c] Started GET "/orders/new" for 127.0.0.1 at 2017-12-04 15:39:11 +0530
I, [2017-12-04T15:39:11.512883 #18210]  INFO -- : [d485411b-6007-4671-88b2-c13916f34c3c] Processing by OrdersController#new as HTML
D, [2017-12-04T15:39:11.514543 #18210] DEBUG -- : [d485411b-6007-4671-88b2-c13916f34c3c]   [1m[36mUser Load (0.3ms)[0m  [1m[34mSELECT  "users".* FROM "users" WHERE "users"."id" = ? ORDER BY "users"."id" ASC LIMIT ?[0m  [["id", 1], ["LIMIT", 1]]
D, [2017-12-04T15:39:11.515838 #18210] DEBUG -- : [d485411b-6007-4671-88b2-c13916f34c3c]   [1m[36mItem Load (0.3ms)[0m  [1m[34mSELECT  "items".* FROM "items" ORDER BY "items"."id" ASC LIMIT ?[0m  [["LIMIT", 1]]
I, [2017-12-04T15:39:11.517834 #18210]  INFO -- : [d485411b-6007-4671-88b2-c13916f34c3c]   Rendering orders/new.html.slim within layouts/application
D, [2017-12-04T15:39:11.520771 #18210] DEBUG -- : [d485411b-6007-4671-88b2-c13916f34c3c]   [1m[36mItem Load (0.1ms)[0m  [1m[34mSELECT "items".* FROM "items" WHERE "items"."user_id" = ?[0m  [["user_id", 1]]
I, [2017-12-04T15:39:11.527673 #18210]  INFO -- : [d485411b-6007-4671-88b2-c13916f34c3c]   Rendered orders/_order_fields.html.slim (8.8ms)
I, [2017-12-04T15:39:11.535283 #18210]  INFO -- : [d485411b-6007-4671-88b2-c13916f34c3c]   Rendered orders/_order_fields.html.slim (6.2ms)
I, [2017-12-04T15:39:11.536549 #18210]  INFO -- : [d485411b-6007-4671-88b2-c13916f34c3c]   Rendered orders/new.html.slim within layouts/application (18.5ms)
I, [2017-12-04T15:39:11.539656 #18210]  INFO -- : [d485411b-6007-4671-88b2-c13916f34c3c]   Rendered layouts/_navigation.html.slim (2.1ms)
I, [2017-12-04T15:39:11.540173 #18210]  INFO -- : [d485411b-6007-4671-88b2-c13916f34c3c] Completed 200 OK in 27ms (Views: 22.5ms | ActiveRecord: 0.7ms)
I, [2017-12-04T15:39:11.727468 #18210]  INFO -- : [c01fb969-dfad-4a9a-a929-e67f147a7d01] Started GET "/assets/bg_img.jpeg" for 127.0.0.1 at 2017-12-04 15:39:11 +0530
I, [2017-12-04T15:41:34.829405 #18210]  INFO -- : [4f4bb24b-c7da-4fcb-8627-72c006ac6429] Started GET "/orders/new" for 127.0.0.1 at 2017-12-04 15:41:34 +0530
I, [2017-12-04T15:41:34.830473 #18210]  INFO -- : [4f4bb24b-c7da-4fcb-8627-72c006ac6429] Processing by OrdersController#new as HTML
D, [2017-12-04T15:41:34.832681 #18210] DEBUG -- : [4f4bb24b-c7da-4fcb-8627-72c006ac6429]   [1m[36mUser Load (0.4ms)[0m  [1m[34mSELECT  "users".* FROM "users" WHERE "users"."id" = ? ORDER BY "users"."id" ASC LIMIT ?[0m  [["id", 1], ["LIMIT", 1]]
D, [2017-12-04T15:41:34.834242 #18210] DEBUG -- : [4f4bb24b-c7da-4fcb-8627-72c006ac6429]   [1m[36mItem Load (0.3ms)[0m  [1m[34mSELECT  "items".* FROM "items" ORDER BY "items"."id" ASC LIMIT ?[0m  [["LIMIT", 1]]
I, [2017-12-04T15:41:34.836593 #18210]  INFO -- : [4f4bb24b-c7da-4fcb-8627-72c006ac6429]   Rendering orders/new.html.slim within layouts/application
D, [2017-12-04T15:41:34.840102 #18210] DEBUG -- : [4f4bb24b-c7da-4fcb-8627-72c006ac6429]   [1m[36mItem Load (0.1ms)[0m  [1m[34mSELECT "items".* FROM "items" WHERE "items"."user_id" = ?[0m  [["user_id", 1]]
I, [2017-12-04T15:41:34.847619 #18210]  INFO -- : [4f4bb24b-c7da-4fcb-8627-72c006ac6429]   Rendered orders/_order_fields.html.slim (9.9ms)
I, [2017-12-04T15:41:34.857799 #18210]  INFO -- : [4f4bb24b-c7da-4fcb-8627-72c006ac6429]   Rendered orders/_order_fields.html.slim (8.6ms)
I, [2017-12-04T15:41:34.859153 #18210]  INFO -- : [4f4bb24b-c7da-4fcb-8627-72c006ac6429]   Rendered orders/new.html.slim within layouts/application (22.4ms)
I, [2017-12-04T15:41:34.862633 #18210]  INFO -- : [4f4bb24b-c7da-4fcb-8627-72c006ac6429]   Rendered layouts/_navigation.html.slim (2.3ms)
I, [2017-12-04T15:41:34.863091 #18210]  INFO -- : [4f4bb24b-c7da-4fcb-8627-72c006ac6429] Completed 200 OK in 32ms (Views: 26.7ms | ActiveRecord: 0.8ms)
I, [2017-12-04T15:41:35.078514 #18210]  INFO -- : [1b529a5b-47bb-4510-924c-7cd32bd0968b] Started GET "/assets/bg_img.jpeg" for 127.0.0.1 at 2017-12-04 15:41:35 +0530
I, [2017-12-06T17:36:44.127686 #3670]  INFO -- : [a4d8ac11-0ddd-4bf7-b1cf-1e0a7514dc2d] Started GET "/" for 127.0.0.1 at 2017-12-06 17:36:44 +0530
I, [2017-12-06T17:36:44.184061 #3670]  INFO -- : [a4d8ac11-0ddd-4bf7-b1cf-1e0a7514dc2d] Processing by ItemsController#index as HTML
I, [2017-12-06T17:36:44.198160 #3670]  INFO -- : [a4d8ac11-0ddd-4bf7-b1cf-1e0a7514dc2d] Completed 401 Unauthorized in 14ms
I, [2017-12-06T17:36:44.531833 #3670]  INFO -- : [86f69970-55cf-48cb-b07c-93626a1dc750] Started GET "/users/sign_in" for 127.0.0.1 at 2017-12-06 17:36:44 +0530
I, [2017-12-06T17:36:44.534738 #3670]  INFO -- : [86f69970-55cf-48cb-b07c-93626a1dc750] Processing by Devise::SessionsController#new as HTML
I, [2017-12-06T17:36:44.856314 #3670]  INFO -- : [86f69970-55cf-48cb-b07c-93626a1dc750]   Rendering devise/sessions/new.html.slim within layouts/application
I, [2017-12-06T17:36:44.930510 #3670]  INFO -- : [86f69970-55cf-48cb-b07c-93626a1dc750]   Rendered devise/shared/_links.html.erb (1.4ms)
I, [2017-12-06T17:36:44.930937 #3670]  INFO -- : [86f69970-55cf-48cb-b07c-93626a1dc750]   Rendered devise/sessions/new.html.slim within layouts/application (74.4ms)
I, [2017-12-06T17:36:44.949115 #3670]  INFO -- : [86f69970-55cf-48cb-b07c-93626a1dc750] Completed 200 OK in 414ms (Views: 161.7ms | ActiveRecord: 120.7ms)
I, [2017-12-06T17:36:45.367464 #3670]  INFO -- : [8276e2ee-1c05-490d-af49-40c4a8c75a2d] Started GET "/assets/bg_img.jpeg" for 127.0.0.1 at 2017-12-06 17:36:45 +0530
I, [2017-12-06T17:36:45.664125 #3670]  INFO -- : [76249daa-7abc-4038-8217-3c962395dc61] Started GET "/favicon.ico" for 127.0.0.1 at 2017-12-06 17:36:45 +0530
F, [2017-12-06T17:36:45.664879 #3670] FATAL -- : [76249daa-7abc-4038-8217-3c962395dc61]   
F, [2017-12-06T17:36:45.664971 #3670] FATAL -- : [76249daa-7abc-4038-8217-3c962395dc61] ActionController::RoutingError (No route matches [GET] "/favicon.ico"):
F, [2017-12-06T17:36:45.665028 #3670] FATAL -- : [76249daa-7abc-4038-8217-3c962395dc61]   
F, [2017-12-06T17:36:45.665081 #3670] FATAL -- : [76249daa-7abc-4038-8217-3c962395dc61] actionpack (5.0.6) lib/action_dispatch/middleware/debug_exceptions.rb:53:in `call'
[76249daa-7abc-4038-8217-3c962395dc61] actionpack (5.0.6) lib/action_dispatch/middleware/show_exceptions.rb:31:in `call'
[76249daa-7abc-4038-8217-3c962395dc61] railties (5.0.6) lib/rails/rack/logger.rb:36:in `call_app'
[76249daa-7abc-4038-8217-3c962395dc61] railties (5.0.6) lib/rails/rack/logger.rb:24:in `block in call'
[76249daa-7abc-4038-8217-3c962395dc61] activesupport (5.0.6) lib/active_support/tagged_logging.rb:69:in `block in tagged'
[76249daa-7abc-4038-8217-3c962395dc61] activesupport (5.0.6) lib/active_support/tagged_logging.rb:26:in `tagged'
[76249daa-7abc-4038-8217-3c962395dc61] activesupport (5.0.6) lib/active_support/tagged_logging.rb:69:in `tagged'
[76249daa-7abc-4038-8217-3c962395dc61] railties (5.0.6) lib/rails/rack/logger.rb:24:in `call'
[76249daa-7abc-4038-8217-3c962395dc61] actionpack (5.0.6) lib/action_dispatch/middleware/request_id.rb:24:in `call'
[76249daa-7abc-4038-8217-3c962395dc61] rack (2.0.3) lib/rack/method_override.rb:22:in `call'
[76249daa-7abc-4038-8217-3c962395dc61] rack (2.0.3) lib/rack/runtime.rb:22:in `call'
[76249daa-7abc-4038-8217-3c962395dc61] activesupport (5.0.6) lib/active_support/cache/strategy/local_cache_middleware.rb:28:in `call'
[76249daa-7abc-4038-8217-3c962395dc61] actionpack (5.0.6) lib/action_dispatch/middleware/executor.rb:12:in `call'
[76249daa-7abc-4038-8217-3c962395dc61] actionpack (5.0.6) lib/action_dispatch/middleware/static.rb:136:in `call'
[76249daa-7abc-4038-8217-3c962395dc61] rack (2.0.3) lib/rack/sendfile.rb:111:in `call'
[76249daa-7abc-4038-8217-3c962395dc61] railties (5.0.6) lib/rails/engine.rb:522:in `call'
[76249daa-7abc-4038-8217-3c962395dc61] puma (3.10.0) lib/puma/configuration.rb:225:in `call'
[76249daa-7abc-4038-8217-3c962395dc61] puma (3.10.0) lib/puma/server.rb:605:in `handle_request'
[76249daa-7abc-4038-8217-3c962395dc61] puma (3.10.0) lib/puma/server.rb:437:in `process_client'
[76249daa-7abc-4038-8217-3c962395dc61] puma (3.10.0) lib/puma/server.rb:301:in `block in run'
[76249daa-7abc-4038-8217-3c962395dc61] puma (3.10.0) lib/puma/thread_pool.rb:120:in `block in spawn_thread'
I, [2017-12-06T17:36:58.707770 #3670]  INFO -- : [77e5bbb0-c9c5-4f9c-8626-f348f7373378] Started POST "/users/sign_in" for 127.0.0.1 at 2017-12-06 17:36:58 +0530
I, [2017-12-06T17:36:58.708782 #3670]  INFO -- : [77e5bbb0-c9c5-4f9c-8626-f348f7373378] Processing by Devise::SessionsController#create as HTML
I, [2017-12-06T17:36:58.708883 #3670]  INFO -- : [77e5bbb0-c9c5-4f9c-8626-f348f7373378]   Parameters: {"utf8"=>"✓", "authenticity_token"=>"wigVsLrNLY/nMcpd6EoWBuPNtagGMpoWYsqxq4sTzXYdiV+DE8IXQ/wPWgPTxGvKnm50BoYP19EQNteyhffimg==", "user"=>{"email"=>"swatantrajha7@example.com", "password"=>"[FILTERED]", "remember_me"=>"0"}, "commit"=>"Log in"}
D, [2017-12-06T17:36:58.726960 #3670] DEBUG -- : [77e5bbb0-c9c5-4f9c-8626-f348f7373378]   [1m[36mUser Load (0.3ms)[0m  [1m[34mSELECT  "users".* FROM "users" WHERE "users"."email" = ? ORDER BY "users"."id" ASC LIMIT ?[0m  [["email", "swatantrajha7@example.com"], ["LIMIT", 1]]
I, [2017-12-06T17:36:59.276246 #3670]  INFO -- : [77e5bbb0-c9c5-4f9c-8626-f348f7373378] Completed 401 Unauthorized in 567ms (ActiveRecord: 0.3ms)
I, [2017-12-06T17:36:59.277417 #3670]  INFO -- : [77e5bbb0-c9c5-4f9c-8626-f348f7373378] Processing by Devise::SessionsController#new as HTML
I, [2017-12-06T17:36:59.277500 #3670]  INFO -- : [77e5bbb0-c9c5-4f9c-8626-f348f7373378]   Parameters: {"utf8"=>"✓", "authenticity_token"=>"wigVsLrNLY/nMcpd6EoWBuPNtagGMpoWYsqxq4sTzXYdiV+DE8IXQ/wPWgPTxGvKnm50BoYP19EQNteyhffimg==", "user"=>{"email"=>"swatantrajha7@example.com", "password"=>"[FILTERED]", "remember_me"=>"0"}, "commit"=>"Log in"}
I, [2017-12-06T17:36:59.519742 #3670]  INFO -- : [77e5bbb0-c9c5-4f9c-8626-f348f7373378]   Rendering devise/sessions/new.html.slim within layouts/application
I, [2017-12-06T17:36:59.522188 #3670]  INFO -- : [77e5bbb0-c9c5-4f9c-8626-f348f7373378]   Rendered devise/shared/_links.html.erb (0.2ms)
I, [2017-12-06T17:36:59.522547 #3670]  INFO -- : [77e5bbb0-c9c5-4f9c-8626-f348f7373378]   Rendered devise/sessions/new.html.slim within layouts/application (2.7ms)
I, [2017-12-06T17:36:59.523607 #3670]  INFO -- : [77e5bbb0-c9c5-4f9c-8626-f348f7373378] Completed 200 OK in 246ms (Views: 4.2ms | ActiveRecord: 0.0ms)
I, [2017-12-06T17:36:59.761206 #3670]  INFO -- : [3b14d65a-8f6c-4f0f-aa22-e33e9a262911] Started GET "/assets/bg_img.jpeg" for 127.0.0.1 at 2017-12-06 17:36:59 +0530
I, [2017-12-06T17:37:12.509052 #3670]  INFO -- : [0722e531-d584-48df-b3e3-e4420a4472eb] Started POST "/users/sign_in" for 127.0.0.1 at 2017-12-06 17:37:12 +0530
I, [2017-12-06T17:37:12.510421 #3670]  INFO -- : [0722e531-d584-48df-b3e3-e4420a4472eb] Processing by Devise::SessionsController#create as HTML
I, [2017-12-06T17:37:12.510559 #3670]  INFO -- : [0722e531-d584-48df-b3e3-e4420a4472eb]   Parameters: {"utf8"=>"✓", "authenticity_token"=>"c2dJdpwgUeHXO+crpGxKo0kf3zQCzCGNw2QwmVkMSJSsxgNFNS9rLcwFd3Wf4jdvNLwemoLxbEqxmFaAV+hneA==", "user"=>{"email"=>"swatantrajha7@example.com", "password"=>"[FILTERED]", "remember_me"=>"0"}, "commit"=>"Log in"}
D, [2017-12-06T17:37:12.513336 #3670] DEBUG -- : [0722e531-d584-48df-b3e3-e4420a4472eb]   [1m[36mUser Load (0.4ms)[0m  [1m[34mSELECT  "users".* FROM "users" WHERE "users"."email" = ? ORDER BY "users"."id" ASC LIMIT ?[0m  [["email", "swatantrajha7@example.com"], ["LIMIT", 1]]
I, [2017-12-06T17:37:12.719240 #3670]  INFO -- : [0722e531-d584-48df-b3e3-e4420a4472eb] Completed 401 Unauthorized in 209ms (ActiveRecord: 0.4ms)
I, [2017-12-06T17:37:12.720267 #3670]  INFO -- : [0722e531-d584-48df-b3e3-e4420a4472eb] Processing by Devise::SessionsController#new as HTML
I, [2017-12-06T17:37:12.720345 #3670]  INFO -- : [0722e531-d584-48df-b3e3-e4420a4472eb]   Parameters: {"utf8"=>"✓", "authenticity_token"=>"c2dJdpwgUeHXO+crpGxKo0kf3zQCzCGNw2QwmVkMSJSsxgNFNS9rLcwFd3Wf4jdvNLwemoLxbEqxmFaAV+hneA==", "user"=>{"email"=>"swatantrajha7@example.com", "password"=>"[FILTERED]", "remember_me"=>"0"}, "commit"=>"Log in"}
I, [2017-12-06T17:37:12.926142 #3670]  INFO -- : [0722e531-d584-48df-b3e3-e4420a4472eb]   Rendering devise/sessions/new.html.slim within layouts/application
I, [2017-12-06T17:37:12.928198 #3670]  INFO -- : [0722e531-d584-48df-b3e3-e4420a4472eb]   Rendered devise/shared/_links.html.erb (0.2ms)
I, [2017-12-06T17:37:12.928501 #3670]  INFO -- : [0722e531-d584-48df-b3e3-e4420a4472eb]   Rendered devise/sessions/new.html.slim within layouts/application (2.2ms)
I, [2017-12-06T17:37:12.929464 #3670]  INFO -- : [0722e531-d584-48df-b3e3-e4420a4472eb] Completed 200 OK in 209ms (Views: 3.6ms | ActiveRecord: 0.0ms)
I, [2017-12-06T17:37:13.165372 #3670]  INFO -- : [710f4537-75cb-40af-a62b-eb7ea45d8d17] Started GET "/assets/bg_img.jpeg" for 127.0.0.1 at 2017-12-06 17:37:13 +0530
D, [2017-12-06T17:38:22.058370 #4092] DEBUG -- :   [1m[36mUser Load (0.5ms)[0m  [1m[34mSELECT  "users".* FROM "users" ORDER BY "users"."id" ASC LIMIT ?[0m  [["LIMIT", 1]]
I, [2017-12-06T17:38:36.818292 #3670]  INFO -- : [d99f08d6-1e11-48e9-854a-1dbe213f2a04] Started POST "/users/sign_in" for 127.0.0.1 at 2017-12-06 17:38:36 +0530
I, [2017-12-06T17:38:36.819423 #3670]  INFO -- : [d99f08d6-1e11-48e9-854a-1dbe213f2a04] Processing by Devise::SessionsController#create as HTML
I, [2017-12-06T17:38:36.819550 #3670]  INFO -- : [d99f08d6-1e11-48e9-854a-1dbe213f2a04]   Parameters: {"utf8"=>"✓", "authenticity_token"=>"K7ABfyYRxflFvG0izbmxGt8lGh8DVUU+V1Jx68aZltb0EUtMjx7/NV6C/Xz2N8zWoobbsYNoCPklrhfyyH25Og==", "user"=>{"email"=>"swatantrajha7@example.com", "password"=>"[FILTERED]", "remember_me"=>"0"}, "commit"=>"Log in"}
D, [2017-12-06T17:38:36.822221 #3670] DEBUG -- : [d99f08d6-1e11-48e9-854a-1dbe213f2a04]   [1m[36mUser Load (0.3ms)[0m  [1m[34mSELECT  "users".* FROM "users" WHERE "users"."email" = ? ORDER BY "users"."id" ASC LIMIT ?[0m  [["email", "swatantrajha7@example.com"], ["LIMIT", 1]]
I, [2017-12-06T17:38:37.032607 #3670]  INFO -- : [d99f08d6-1e11-48e9-854a-1dbe213f2a04] Completed 401 Unauthorized in 213ms (ActiveRecord: 0.3ms)
I, [2017-12-06T17:38:37.033664 #3670]  INFO -- : [d99f08d6-1e11-48e9-854a-1dbe213f2a04] Processing by Devise::SessionsController#new as HTML
I, [2017-12-06T17:38:37.033745 #3670]  INFO -- : [d99f08d6-1e11-48e9-854a-1dbe213f2a04]   Parameters: {"utf8"=>"✓", "authenticity_token"=>"K7ABfyYRxflFvG0izbmxGt8lGh8DVUU+V1Jx68aZltb0EUtMjx7/NV6C/Xz2N8zWoobbsYNoCPklrhfyyH25Og==", "user"=>{"email"=>"swatantrajha7@example.com", "password"=>"[FILTERED]", "remember_me"=>"0"}, "commit"=>"Log in"}
I, [2017-12-06T17:38:37.240749 #3670]  INFO -- : [d99f08d6-1e11-48e9-854a-1dbe213f2a04]   Rendering devise/sessions/new.html.slim within layouts/application
I, [2017-12-06T17:38:37.242822 #3670]  INFO -- : [d99f08d6-1e11-48e9-854a-1dbe213f2a04]   Rendered devise/shared/_links.html.erb (0.2ms)
I, [2017-12-06T17:38:37.243131 #3670]  INFO -- : [d99f08d6-1e11-48e9-854a-1dbe213f2a04]   Rendered devise/sessions/new.html.slim within layouts/application (2.3ms)
I, [2017-12-06T17:38:37.244057 #3670]  INFO -- : [d99f08d6-1e11-48e9-854a-1dbe213f2a04] Completed 200 OK in 210ms (Views: 3.6ms | ActiveRecord: 0.0ms)
I, [2017-12-06T17:38:37.448355 #3670]  INFO -- : [df461331-c7b9-4448-823f-86f32d6c8f79] Started GET "/assets/bg_img.jpeg" for 127.0.0.1 at 2017-12-06 17:38:37 +0530
I, [2017-12-06T17:38:43.552357 #3670]  INFO -- : [7d168755-eb05-43d1-a9fe-ca1d4bd22f33] Started POST "/users/sign_in" for 127.0.0.1 at 2017-12-06 17:38:43 +0530
I, [2017-12-06T17:38:43.553388 #3670]  INFO -- : [7d168755-eb05-43d1-a9fe-ca1d4bd22f33] Processing by Devise::SessionsController#create as HTML
I, [2017-12-06T17:38:43.553501 #3670]  INFO -- : [7d168755-eb05-43d1-a9fe-ca1d4bd22f33]   Parameters: {"utf8"=>"✓", "authenticity_token"=>"KF2YxOVyJp5ACk/k6JqUXTvkSAOfSE5dFmpc3ZdmFZP3/NL3TH0cUls037rTFOmRRkeJrR91A5pkljrEmYI6fw==", "user"=>{"email"=>"swatantrajha7@example.com", "password"=>"[FILTERED]", "remember_me"=>"0"}, "commit"=>"Log in"}
D, [2017-12-06T17:38:43.555821 #3670] DEBUG -- : [7d168755-eb05-43d1-a9fe-ca1d4bd22f33]   [1m[36mUser Load (0.4ms)[0m  [1m[34mSELECT  "users".* FROM "users" WHERE "users"."email" = ? ORDER BY "users"."id" ASC LIMIT ?[0m  [["email", "swatantrajha7@example.com"], ["LIMIT", 1]]
I, [2017-12-06T17:38:43.772626 #3670]  INFO -- : [7d168755-eb05-43d1-a9fe-ca1d4bd22f33] Completed 401 Unauthorized in 219ms (ActiveRecord: 0.4ms)
I, [2017-12-06T17:38:43.773671 #3670]  INFO -- : [7d168755-eb05-43d1-a9fe-ca1d4bd22f33] Processing by Devise::SessionsController#new as HTML
I, [2017-12-06T17:38:43.773751 #3670]  INFO -- : [7d168755-eb05-43d1-a9fe-ca1d4bd22f33]   Parameters: {"utf8"=>"✓", "authenticity_token"=>"KF2YxOVyJp5ACk/k6JqUXTvkSAOfSE5dFmpc3ZdmFZP3/NL3TH0cUls037rTFOmRRkeJrR91A5pkljrEmYI6fw==", "user"=>{"email"=>"swatantrajha7@example.com", "password"=>"[FILTERED]", "remember_me"=>"0"}, "commit"=>"Log in"}
I, [2017-12-06T17:38:43.979827 #3670]  INFO -- : [7d168755-eb05-43d1-a9fe-ca1d4bd22f33]   Rendering devise/sessions/new.html.slim within layouts/application
I, [2017-12-06T17:38:43.981774 #3670]  INFO -- : [7d168755-eb05-43d1-a9fe-ca1d4bd22f33]   Rendered devise/shared/_links.html.erb (0.2ms)
I, [2017-12-06T17:38:43.982046 #3670]  INFO -- : [7d168755-eb05-43d1-a9fe-ca1d4bd22f33]   Rendered devise/sessions/new.html.slim within layouts/application (2.1ms)
I, [2017-12-06T17:38:43.982953 #3670]  INFO -- : [7d168755-eb05-43d1-a9fe-ca1d4bd22f33] Completed 200 OK in 209ms (Views: 3.5ms | ActiveRecord: 0.0ms)
I, [2017-12-06T17:38:44.169353 #3670]  INFO -- : [efda5f87-f269-46b1-9568-fc2e65e04a06] Started GET "/assets/bg_img.jpeg" for 127.0.0.1 at 2017-12-06 17:38:44 +0530
I, [2017-12-06T17:38:48.506015 #3670]  INFO -- : [d63fd996-53fa-455a-b31e-8f00d05d317b] Started POST "/users/sign_in" for 127.0.0.1 at 2017-12-06 17:38:48 +0530
I, [2017-12-06T17:38:48.507047 #3670]  INFO -- : [d63fd996-53fa-455a-b31e-8f00d05d317b] Processing by Devise::SessionsController#create as HTML
I, [2017-12-06T17:38:48.507167 #3670]  INFO -- : [d63fd996-53fa-455a-b31e-8f00d05d317b]   Parameters: {"utf8"=>"✓", "authenticity_token"=>"hCVPFBFrY2FafJ+CAsi/pKAmRNwYqjXXlI+N3w1ysaxbhAUnuGRZrUFCD9w5RsJo3YWFcpiXeBDmc+vGA5aeQA==", "user"=>{"email"=>"swatantrajha7@example.com", "password"=>"[FILTERED]", "remember_me"=>"0"}, "commit"=>"Log in"}
D, [2017-12-06T17:38:48.509666 #3670] DEBUG -- : [d63fd996-53fa-455a-b31e-8f00d05d317b]   [1m[36mUser Load (0.3ms)[0m  [1m[34mSELECT  "users".* FROM "users" WHERE "users"."email" = ? ORDER BY "users"."id" ASC LIMIT ?[0m  [["email", "swatantrajha7@example.com"], ["LIMIT", 1]]
D, [2017-12-06T17:38:48.727416 #3670] DEBUG -- : [d63fd996-53fa-455a-b31e-8f00d05d317b]   [1m[35m (0.1ms)[0m  [1m[36mbegin transaction[0m
D, [2017-12-06T17:38:48.730076 #3670] DEBUG -- : [d63fd996-53fa-455a-b31e-8f00d05d317b]   [1m[35mSQL (0.3ms)[0m  [1m[33mUPDATE "users" SET "current_sign_in_at" = ?, "last_sign_in_at" = ?, "sign_in_count" = ?, "updated_at" = ? WHERE "users"."id" = ?[0m  [["current_sign_in_at", "2017-12-06 12:08:48.726753"], ["last_sign_in_at", "2017-12-04 06:46:42.767665"], ["sign_in_count", 5], ["updated_at", "2017-12-06 12:08:48.728255"], ["id", 1]]
D, [2017-12-06T17:38:49.127060 #3670] DEBUG -- : [d63fd996-53fa-455a-b31e-8f00d05d317b]   [1m[35m (396.3ms)[0m  [1m[36mcommit transaction[0m
I, [2017-12-06T17:38:49.180027 #3670]  INFO -- : [d63fd996-53fa-455a-b31e-8f00d05d317b] Redirected to http://localhost:3000/
I, [2017-12-06T17:38:49.180536 #3670]  INFO -- : [d63fd996-53fa-455a-b31e-8f00d05d317b] Completed 302 Found in 673ms (ActiveRecord: 397.0ms)
I, [2017-12-06T17:38:49.199234 #3670]  INFO -- : [536a9f98-590c-4da7-9945-a08785dff545] Started GET "/" for 127.0.0.1 at 2017-12-06 17:38:49 +0530
I, [2017-12-06T17:38:49.200746 #3670]  INFO -- : [536a9f98-590c-4da7-9945-a08785dff545] Processing by ItemsController#index as HTML
D, [2017-12-06T17:38:49.203117 #3670] DEBUG -- : [536a9f98-590c-4da7-9945-a08785dff545]   [1m[36mUser Load (0.4ms)[0m  [1m[34mSELECT  "users".* FROM "users" WHERE "users"."id" = ? ORDER BY "users"."id" ASC LIMIT ?[0m  [["id", 1], ["LIMIT", 1]]
I, [2017-12-06T17:38:49.230781 #3670]  INFO -- : [536a9f98-590c-4da7-9945-a08785dff545]   Rendering items/index.html.slim within layouts/application
D, [2017-12-06T17:38:49.286650 #3670] DEBUG -- : [536a9f98-590c-4da7-9945-a08785dff545]   [1m[36mItem Load (0.3ms)[0m  [1m[34mSELECT "items".* FROM "items" WHERE "items"."user_id" = ?[0m  [["user_id", 1]]
I, [2017-12-06T17:38:49.287941 #3670]  INFO -- : [536a9f98-590c-4da7-9945-a08785dff545]   Rendered shared/_search.html.slim (30.8ms)
D, [2017-12-06T17:38:49.289472 #3670] DEBUG -- : [536a9f98-590c-4da7-9945-a08785dff545]   [1m[36mCACHE (0.0ms)[0m  [1m[34mSELECT "items".* FROM "items" WHERE "items"."user_id" = ?[0m  [["user_id", 1]]
I, [2017-12-06T17:38:49.289668 #3670]  INFO -- : [536a9f98-590c-4da7-9945-a08785dff545]   Rendered items/index.html.slim within layouts/application (58.7ms)
I, [2017-12-06T17:38:49.349525 #3670]  INFO -- : [536a9f98-590c-4da7-9945-a08785dff545]   Rendered layouts/_navigation.html.slim (29.8ms)
I, [2017-12-06T17:38:49.350134 #3670]  INFO -- : [536a9f98-590c-4da7-9945-a08785dff545] Completed 200 OK in 149ms (Views: 120.9ms | ActiveRecord: 1.3ms)
I, [2017-12-06T17:38:49.589261 #3670]  INFO -- : [36987116-eb94-48a5-a669-6add63637656] Started GET "/assets/bg_img.jpeg" for 127.0.0.1 at 2017-12-06 17:38:49 +0530
I, [2017-12-06T17:38:53.683821 #3670]  INFO -- : [2c527809-8a5b-4c4b-88ab-6580817af753] Started GET "/orders/new" for 127.0.0.1 at 2017-12-06 17:38:53 +0530
I, [2017-12-06T17:38:53.686148 #3670]  INFO -- : [2c527809-8a5b-4c4b-88ab-6580817af753] Processing by OrdersController#new as HTML
D, [2017-12-06T17:38:53.688653 #3670] DEBUG -- : [2c527809-8a5b-4c4b-88ab-6580817af753]   [1m[36mUser Load (0.4ms)[0m  [1m[34mSELECT  "users".* FROM "users" WHERE "users"."id" = ? ORDER BY "users"."id" ASC LIMIT ?[0m  [["id", 1], ["LIMIT", 1]]
D, [2017-12-06T17:38:53.691168 #3670] DEBUG -- : [2c527809-8a5b-4c4b-88ab-6580817af753]   [1m[36mItem Load (0.2ms)[0m  [1m[34mSELECT  "items".* FROM "items" ORDER BY "items"."id" ASC LIMIT ?[0m  [["LIMIT", 1]]
I, [2017-12-06T17:38:53.759122 #3670]  INFO -- : [2c527809-8a5b-4c4b-88ab-6580817af753]   Rendering orders/new.html.slim within layouts/application
D, [2017-12-06T17:38:53.823656 #3670] DEBUG -- : [2c527809-8a5b-4c4b-88ab-6580817af753]   [1m[36mItem Load (0.1ms)[0m  [1m[34mSELECT "items".* FROM "items" WHERE "items"."user_id" = ?[0m  [["user_id", 1]]
I, [2017-12-06T17:38:53.830805 #3670]  INFO -- : [2c527809-8a5b-4c4b-88ab-6580817af753]   Rendered orders/_order_fields.html.slim (18.5ms)
I, [2017-12-06T17:38:53.847572 #3670]  INFO -- : [2c527809-8a5b-4c4b-88ab-6580817af753]   Rendered orders/_order_fields.html.slim (14.4ms)
I, [2017-12-06T17:38:53.849087 #3670]  INFO -- : [2c527809-8a5b-4c4b-88ab-6580817af753]   Rendered orders/new.html.slim within layouts/application (89.8ms)
I, [2017-12-06T17:38:53.852803 #3670]  INFO -- : [2c527809-8a5b-4c4b-88ab-6580817af753]   Rendered layouts/_navigation.html.slim (2.4ms)
I, [2017-12-06T17:38:53.853397 #3670]  INFO -- : [2c527809-8a5b-4c4b-88ab-6580817af753] Completed 200 OK in 167ms (Views: 95.3ms | ActiveRecord: 2.1ms)
I, [2017-12-06T17:38:54.195917 #3670]  INFO -- : [ea066368-55e3-487a-a6c5-2190d00fac88] Started GET "/assets/bg_img.jpeg" for 127.0.0.1 at 2017-12-06 17:38:54 +0530
I, [2017-12-06T17:39:22.084332 #3670]  INFO -- : [325515b9-2c3e-4d82-a9ca-559dee05be12] Started GET "/orders/new" for 127.0.0.1 at 2017-12-06 17:39:22 +0530
I, [2017-12-06T17:39:22.085990 #3670]  INFO -- : [325515b9-2c3e-4d82-a9ca-559dee05be12] Processing by OrdersController#new as HTML
D, [2017-12-06T17:39:22.089165 #3670] DEBUG -- : [325515b9-2c3e-4d82-a9ca-559dee05be12]   [1m[36mUser Load (0.5ms)[0m  [1m[34mSELECT  "users".* FROM "users" WHERE "users"."id" = ? ORDER BY "users"."id" ASC LIMIT ?[0m  [["id", 1], ["LIMIT", 1]]
D, [2017-12-06T17:39:22.091464 #3670] DEBUG -- : [325515b9-2c3e-4d82-a9ca-559dee05be12]   [1m[36mItem Load (0.4ms)[0m  [1m[34mSELECT  "items".* FROM "items" ORDER BY "items"."id" ASC LIMIT ?[0m  [["LIMIT", 1]]
I, [2017-12-06T17:39:22.094981 #3670]  INFO -- : [325515b9-2c3e-4d82-a9ca-559dee05be12]   Rendering orders/new.html.slim within layouts/application
D, [2017-12-06T17:39:22.099214 #3670] DEBUG -- : [325515b9-2c3e-4d82-a9ca-559dee05be12]   [1m[36mItem Load (0.1ms)[0m  [1m[34mSELECT "items".* FROM "items" WHERE "items"."user_id" = ?[0m  [["user_id", 1]]
I, [2017-12-06T17:39:22.106720 #3670]  INFO -- : [325515b9-2c3e-4d82-a9ca-559dee05be12]   Rendered orders/_order_fields.html.slim (10.0ms)
I, [2017-12-06T17:39:22.116499 #3670]  INFO -- : [325515b9-2c3e-4d82-a9ca-559dee05be12]   Rendered orders/_order_fields.html.slim (8.0ms)
I, [2017-12-06T17:39:22.117978 #3670]  INFO -- : [325515b9-2c3e-4d82-a9ca-559dee05be12]   Rendered orders/new.html.slim within layouts/application (22.8ms)
I, [2017-12-06T17:39:22.121822 #3670]  INFO -- : [325515b9-2c3e-4d82-a9ca-559dee05be12]   Rendered layouts/_navigation.html.slim (2.6ms)
I, [2017-12-06T17:39:22.122346 #3670]  INFO -- : [325515b9-2c3e-4d82-a9ca-559dee05be12] Completed 200 OK in 36ms (Views: 27.7ms | ActiveRecord: 1.1ms)
I, [2017-12-06T17:39:22.300870 #3670]  INFO -- : [061b6111-19c8-4dad-9564-b5afed6b93b0] Started GET "/assets/bg_img.jpeg" for 127.0.0.1 at 2017-12-06 17:39:22 +0530
